Mode: w
Feasible: True
Counter: 1000 out of 1000
Size: 25 out of 28
Best objective: 8.02
Best solution: [1, 18, 8, 26, 44, 2, 20, 3, 9, 40, 21, 54, 5, 49, 23, 7, 37, 41, 55, 4, 51, 30, 53, 1, 6, 10, 11, 12, 13, 14, 15, 16, 17, 19, 22, 24, 25, 27, 28, 29, 31, 32, 33, 34, 35, 36, 38, 39, 42, 43, 45, 46, 47, 48, 50, 52]
Total time: 284.4298803806305
Exported to file 217311ca.out
Mode: a
Feasible: True
Counter: 1000 out of 1000
Size: 19 out of 29
Best objective: 3.2944
Best solution: [1, 3, 54, 40, 9, 21, 2, 5, 37, 49, 7, 23, 41, 15, 30, 1, 4, 6, 8, 10, 11, 12, 13, 14, 16, 17, 18, 19, 20, 22, 24, 25, 26, 27, 28, 29, 31, 32, 33, 34, 35, 36, 38, 39, 42, 43, 44, 45, 46, 47, 48, 50, 51, 52, 53, 55]
Total time: 195.76917099952698
Exported to file 47cf2aea.out
Mode: x
Feasible: True
Counter: 1000 out of 1000
Size: 19 out of 28
Best objective: 6.6
Best solution: [1, 2, 3, 20, 54, 9, 21, 40, 5, 7, 49, 23, 37, 41, 55, 30, 53, 1, 4, 6, 8, 10, 11, 12, 13, 14, 15, 16, 17, 18, 19, 22, 24, 25, 26, 27, 28, 29, 31, 32, 33, 34, 35, 36, 38, 39, 42, 43, 44, 45, 46, 47, 48, 50, 51, 52]
Total time: 256.1350095272064
Exported to file 3ec68c2a.out
Mode: r
Feasible: True
Counter: 1000 out of 1000
Size: 18 out of 28
Best objective: 6.4601
Best solution: [1, 20, 21, 3, 9, 54, 40, 2, 5, 7, 49, 23, 55, 37, 41, 30, 53, 1, 4, 6, 8, 10, 11, 12, 13, 14, 15, 16, 17, 18, 19, 22, 24, 25, 26, 27, 28, 29, 31, 32, 33, 34, 35, 36, 38, 39, 42, 43, 44, 45, 46, 47, 48, 50, 51, 52]
Total time: 231.1209192276001
Exported to file 481edd40.out
Mode: w
Feasible: True
Counter: 941 out of 5000
Size: 28 out of 28
Best objective: 8.0084
Best solution: [1, 18, 11, 25, 35, 8, 44, 26, 2, 20, 21, 9, 54, 3, 49, 40, 5, 23, 7, 41, 37, 4, 55, 51, 30, 53, 1, 6, 10, 12, 13, 14, 15, 16, 17, 19, 22, 24, 27, 28, 29, 31, 32, 33, 34, 36, 38, 39, 42, 43, 45, 46, 47, 48, 50, 52]
Total time: 250.6644411087036
Exported to file 3d7d1a64.out
Mode: a
Feasible: True
Counter: 5000 out of 5000
Size: 26 out of 29
Best objective: 5.4649
Best solution: [1, 8, 26, 9, 20, 21, 3, 44, 54, 2, 40, 49, 5, 37, 7, 23, 41, 4, 51, 55, 15, 30, 53, 1, 6, 10, 11, 12, 13, 14, 16, 17, 18, 19, 22, 24, 25, 27, 28, 29, 31, 32, 33, 34, 35, 36, 38, 39, 42, 43, 45, 46, 47, 48, 50, 52]
Total time: 2074.4372370243073
Exported to file d4217b70.out
Mode: x
Feasible: True
Counter: 5000 out of 5000
Size: 19 out of 28
Best objective: 6.4325
Best solution: [1, 20, 40, 9, 3, 54, 21, 2, 23, 5, 7, 37, 49, 55, 41, 30, 53, 1, 4, 6, 8, 10, 11, 12, 13, 14, 15, 16, 17, 18, 19, 22, 24, 25, 26, 27, 28, 29, 31, 32, 33, 34, 35, 36, 38, 39, 42, 43, 44, 45, 46, 47, 48, 50, 51, 52]
Total time: 3578.1434552669525
Exported to file cfadbdb7.out
Mode: r
Feasible: True
Counter: 5000 out of 5000
Size: 17 out of 29
Best objective: 5.0
Best solution: [1, 9, 21, 2, 54, 40, 3, 49, 5, 37, 7, 23, 41, 15, 30, 1, 4, 6, 8, 10, 11, 12, 13, 14, 16, 17, 18, 19, 20, 22, 24, 25, 26, 27, 28, 29, 31, 32, 33, 34, 35, 36, 38, 39, 42, 43, 44, 45, 46, 47, 48, 50, 51, 52, 53, 55]
Total time: 2435.9535331726074
Exported to file 354cec82.out
Mode: w
Feasible: True
Counter: 10000 out of 10000
Size: 27 out of 28
Best objective: 8.0722
Best solution: [1, 11, 18, 8, 44, 26, 3, 20, 9, 54, 21, 2, 49, 5, 7, 23, 37, 40, 41, 4, 55, 51, 30, 53, 1, 6, 10, 12, 13, 14, 15, 16, 17, 19, 22, 24, 25, 27, 28, 29, 31, 32, 33, 34, 35, 36, 38, 39, 42, 43, 45, 46, 47, 48, 50, 52]
Total time: 9899.389019489288
Exported to file a84eed0c.out
Mode: a
Feasible: True
Counter: 2103 out of 10000
Size: 29 out of 29
Best objective: 6.0943
Best solution: [1, 11, 8, 18, 35, 26, 9, 20, 3, 44, 21, 54, 2, 40, 49, 5, 37, 7, 23, 41, 4, 51, 55, 15, 30, 53, 1, 6, 10, 12, 13, 14, 16, 17, 19, 22, 24, 25, 27, 28, 29, 31, 32, 33, 34, 36, 38, 39, 42, 43, 45, 46, 47, 48, 50, 52]
Total time: 573.1964826583862
Exported to file 69a6e30f.out
Mode: w
Feasible: True
Counter: 1000 out of 1000
Size: 25 out of 28
Best objective: 8.0106
Best solution: [1, 11, 26, 18, 8, 44, 20, 3, 21, 2, 9, 40, 54, 5, 49, 23, 7, 37, 41, 55, 4, 51, 30, 53, 1, 6, 10, 12, 13, 14, 15, 16, 17, 19, 22, 24, 25, 27, 28, 29, 31, 32, 33, 34, 35, 36, 38, 39, 42, 43, 45, 46, 47, 48, 50, 52]
Total time: 627.034604549408
Exported to file 17aced49.out
Mode: a
Feasible: True
Counter: 1000 out of 1000
Size: 19 out of 29
Best objective: 3.655
Best solution: [1, 3, 54, 40, 9, 21, 2, 5, 37, 49, 7, 23, 41, 15, 30, 1, 4, 6, 8, 10, 11, 12, 13, 14, 16, 17, 18, 19, 20, 22, 24, 25, 26, 27, 28, 29, 31, 32, 33, 34, 35, 36, 38, 39, 42, 43, 44, 45, 46, 47, 48, 50, 51, 52, 53, 55]
Total time: 462.39831256866455
Exported to file 99d88dc5.out
Mode: x
Feasible: True
Counter: 1000 out of 1000
Size: 20 out of 28
Best objective: 7.096
Best solution: [1, 54, 2, 3, 20, 9, 21, 44, 5, 49, 23, 7, 40, 41, 55, 37, 4, 30, 53, 1, 6, 8, 10, 11, 12, 13, 14, 15, 16, 17, 18, 19, 22, 24, 25, 26, 27, 28, 29, 31, 32, 33, 34, 35, 36, 38, 39, 42, 43, 45, 46, 47, 48, 50, 51, 52]
Total time: 620.8337862491608
Exported to file d371f6e6.out
Mode: r
Feasible: True
Counter: 1000 out of 1000
Size: 5 out of 31
Best objective: -0.885
Best solution: [1, 15, 30, 1, 2, 3, 4, 5, 6, 7, 8, 9, 10, 11, 12, 13, 14, 16, 17, 18, 19, 20, 21, 22, 23, 24, 25, 26, 27, 28, 29, 31, 32, 33, 34, 35, 36, 37, 38, 39, 40, 41, 42, 43, 44, 45, 46, 47, 48, 49, 50, 51, 52, 53, 54, 55]
Total time: 1015.3142387866974
Exported to file 6da3732c.out
Mode: w
Feasible: True
Counter: 2652 out of 5000
Size: 28 out of 28
Best objective: 7.6853
Best solution: [1, 11, 18, 35, 25, 8, 44, 26, 20, 9, 3, 54, 21, 2, 49, 5, 7, 23, 37, 40, 41, 4, 55, 51, 30, 53, 1, 6, 10, 12, 13, 14, 15, 16, 17, 19, 22, 24, 27, 28, 29, 31, 32, 33, 34, 36, 38, 39, 42, 43, 45, 46, 47, 48, 50, 52]
Total time: 2270.9666833877563
Exported to file c4d1becb.out
Mode: a
Feasible: True
Counter: 2045 out of 5000
Size: 29 out of 29
Best objective: 5.3626
Best solution: [1, 19, 18, 35, 11, 25, 8, 26, 9, 20, 3, 44, 21, 54, 2, 40, 49, 5, 7, 23, 41, 37, 4, 51, 55, 15, 30, 53, 1, 6, 10, 12, 13, 14, 16, 17, 22, 24, 27, 28, 29, 31, 32, 33, 34, 36, 38, 39, 42, 43, 45, 46, 47, 48, 50, 52]
Total time: 1136.1133620738983
Exported to file 0a1d7873.out
Mode: w
Feasible: True
Counter: 1000 out of 1000
Size: 25 out of 28
Best objective: 8.0106
Best solution: [1, 11, 26, 18, 8, 44, 20, 3, 21, 2, 9, 40, 54, 5, 49, 23, 7, 37, 41, 55, 4, 51, 30, 53, 1, 6, 10, 12, 13, 14, 15, 16, 17, 19, 22, 24, 25, 27, 28, 29, 31, 32, 33, 34, 35, 36, 38, 39, 42, 43, 45, 46, 47, 48, 50, 52]
Total time: 625.9932761192322
Exported to file cef4bfbd.out